Arguments: 
  /Users/eloi/.nvm/versions/node/v16.16.0/bin/node /Users/eloi/.nvm/versions/node/v16.16.0/bin/yarn init

PATH: 
  /Users/eloi/.nvm/versions/node/v16.16.0/bin:/opt/homebrew/bin:/usr/local/bin:/usr/bin:/bin:/usr/sbin:/sbin:/Users/eloi/Library/Android/sdk/emulator:/Users/eloi/Library/Android/sdk/tools:/Users/eloi/Library/Android/sdk/tools/bin:/Users/eloi/Library/Android/sdk/platform-tools:/Users/eloi/.fig/bin:/Users/eloi/.local/bin

Yarn version: 
  1.22.19

Node version: 
  16.16.0

Platform: 
  darwin arm64

Trace: 
  Error: canceled
      at Interface.<anonymous> (/Users/eloi/.nvm/versions/node/v16.16.0/lib/node_modules/yarn/lib/cli.js:137150:13)
      at Interface.emit (node:events:527:28)
      at Interface._ttyWrite (node:readline:1081:16)
      at ReadStream.onkeypress (node:readline:288:10)
      at ReadStream.emit (node:events:527:28)
      at emitKeys (node:internal/readline/utils:358:14)
      at emitKeys.next (<anonymous>)
      at ReadStream.onData (node:internal/readline/emitKeypressEvents:61:36)
      at ReadStream.emit (node:events:527:28)
      at addChunk (node:internal/streams/readable:315:12)

npm manifest: 
  No manifest

yarn manifest: 
  No manifest

Lockfile: 
  No lockfile
